FakeBoss.obj : error LNK2001: SDL_DestroyTexture 외부 기호를 확인할 수 없습니다.
FakeBoss.obj : error LNK2001: SDL_RenderCopy 외부 기호를 확인할 수 없습니다.
FakeBoss.obj : error LNK2001: SDL_RenderClear 외부 기호를 확인할 수 없습니다.
FakeBoss.obj : error LNK2001: TTF_CloseFont 외부 기호를 확인할 수 없습니다.
FakeBoss.obj : error LNK2001: TTF_OpenFont 외부 기호를 확인할 수 없습니다.
FakeBoss.obj : error LNK2001: SDL_PollEvent 외부 기호를 확인할 수 없습니다.
FakeBoss.obj : error LNK2001: SDL_GetTicks 외부 기호를 확인할 수 없습니다.
FakeBoss.obj : error LNK2001: SDL_FreeSurface 외부 기호를 확인할 수 없습니다.
FakeBoss.obj : error LNK2001: TTF_RenderText_Blended 외부 기호를 확인할 수 없습니다.
FakeBoss.obj : error LNK2001: SDL_RenderPresent 외부 기호를 확인할 수 없습니다.
FakeBoss.obj : error LNK2001: SDL_SetRenderDrawColor 외부 기호를 확인할 수 없습니다.
FakeBoss.obj : error LNK2001: SDL_CreateTextureFromSurface 외부 기호를 확인할 수 없습니다.
Question.obj : error LNK2001: TTF_RenderUTF8_Blended 외부 기호를 확인할 수 없습니다.
Script.obj : error LNK2001: SDL_GetError 외부 기호를 확인할 수 없습니다.
Script.obj : error LNK2001: TTF_SizeUTF8 외부 기호를 확인할 수 없습니다.
main.obj : error LNK2001: Mix_OpenAudio 외부 기호를 확인할 수 없습니다.
main.obj : error LNK2001: SDL_DestroyRenderer 외부 기호를 확인할 수 없습니다.
main.obj : error LNK2001: SDL_Init 외부 기호를 확인할 수 없습니다.
main.obj : error LNK2001: SDL_DestroyWindow 외부 기호를 확인할 수 없습니다.
main.obj : error LNK2001: SDL_Quit 외부 기호를 확인할 수 없습니다.
main.obj : error LNK2001: Mix_QuerySpec 외부 기호를 확인할 수 없습니다.
main.obj : error LNK2001: TTF_Init 외부 기호를 확인할 수 없습니다.
main.obj : error LNK2001: Mix_CloseAudio 외부 기호를 확인할 수 없습니다.
main.obj : error LNK2001: SDL_CreateRenderer 외부 기호를 확인할 수 없습니다.
main.obj : error LNK2001: SDL_CreateWindow 외부 기호를 확인할 수 없습니다.
main.obj : error LNK2001: TTF_Quit 외부 기호를 확인할 수 없습니다.
TextureManager.obj : error LNK2001: SDL_SetColorKey 외부 기호를 확인할 수 없습니다.
TextureManager.obj : error LNK2001: SDL_SetTextureColorMod 외부 기호를 확인할 수 없습니다.
TextureManager.obj : error LNK2001: SDL_MapRGB 외부 기호를 확인할 수 없습니다.
TextureManager.obj : error LNK2001: IMG_Load 외부 기호를 확인할 수 없습니다.
MSVCRT.lib(exe_main.obj) : error LNK2001: main 외부 기호를 확인할 수 없습니다.
C:\Users\chan5\Desktop\TeamProject (Final_1)\x64\Release\TeamProject.exe : fatal error LNK1120: 31개의 확인할 수 없는 외부 참조입니다.
